d:\directx9.03d-.git\trunk\project2\debug\vc140.pdb
d:\directx9.03d-.git\trunk\project2\debug\vc140.idb
d:\directx9.03d-.git\trunk\project2\debug\calculatenormalvectoroftheplane.obj
d:\directx9.03d-.git\trunk\project2\debug\camera.obj
d:\directx9.03d-.git\trunk\project2\debug\color.obj
d:\directx9.03d-.git\trunk\project2\debug\copydata.obj
d:\directx9.03d-.git\trunk\project2\debug\cube.obj
d:\directx9.03d-.git\trunk\project2\debug\cubeex.obj
d:\directx9.03d-.git\trunk\project2\debug\gamedemo.obj
d:\directx9.03d-.git\trunk\project2\debug\heightmap.obj
d:\directx9.03d-.git\trunk\project2\debug\light.obj
d:\directx9.03d-.git\trunk\project2\debug\litpyramid.obj
d:\directx9.03d-.git\trunk\project2\debug\materials.obj
d:\directx9.03d-.git\trunk\project2\debug\testcode.obj
d:\directx9.03d-.git\trunk\project2\debug\texturedemo.obj
d:\directx9.03d-.git\trunk\project2\debug\_graphinterface_.obj
d:\directx9.03d-.git\trunk\project2\debug\project2.ilk
d:\directx9.03d-.git\trunk\project2\debug\project2.exe
d:\directx9.03d-.git\trunk\project2\debug\project2.pdb
d:\code\blinkmeeting\debug\project2.ilk
d:\code\blinkmeeting\debug\project2.exe
d:\code\blinkmeeting\debug\project2.pdb
d:\directx9.03d-.git\trunk\project2\debug\project2.tlog\cl.command.1.tlog
d:\directx9.03d-.git\trunk\project2\debug\project2.tlog\cl.read.1.tlog
d:\directx9.03d-.git\trunk\project2\debug\project2.tlog\cl.write.1.tlog
d:\directx9.03d-.git\trunk\project2\debug\project2.tlog\link.command.1.tlog
d:\directx9.03d-.git\trunk\project2\debug\project2.tlog\link.read.1.tlog
d:\directx9.03d-.git\trunk\project2\debug\project2.tlog\link.write.1.tlog
